<?xml version="1.0" encoding="UTF-8"?>
<testsuite name="springboot.WebApplicationTests" tests="1" skipped="0" failures="0" errors="0" timestamp="2020-04-18T10:03:27" hostname="DESKTOP-K1C531V" time="0.967">
  <properties/>
  <testcase name="contextLoads()" classname="springboot.WebApplicationTests" time="0.967"/>
  <system-out><![CDATA[18:03:21.358 [Test worker] DEBUG org.springframework.test.context.BootstrapUtils - Instantiating CacheAwareContextLoaderDelegate from class [org.springframework.test.context.cache.DefaultCacheAwareContextLoaderDelegate]
18:03:21.379 [Test worker] DEBUG org.springframework.test.context.BootstrapUtils - Instantiating BootstrapContext using constructor [public org.springframework.test.context.support.DefaultBootstrapContext(java.lang.Class,org.springframework.test.context.CacheAwareContextLoaderDelegate)]
18:03:21.412 [Test worker] DEBUG org.springframework.test.context.BootstrapUtils - Instantiating TestContextBootstrapper for test class [springboot.WebApplicationTests] from class [org.springframework.boot.test.context.SpringBootTestContextBootstrapper]
18:03:21.433 [Test worker] INFO org.springframework.boot.test.context.SpringBootTestContextBootstrapper - Neither @ContextConfiguration nor @ContextHierarchy found for test class [springboot.WebApplicationTests], using SpringBootContextLoader
18:03:21.438 [Test worker] DEBUG org.springframework.test.context.support.AbstractContextLoader - Did not detect default resource location for test class [springboot.WebApplicationTests]: class path resource [springboot/WebApplicationTests-context.xml] does not exist
18:03:21.439 [Test worker] DEBUG org.springframework.test.context.support.AbstractContextLoader - Did not detect default resource location for test class [springboot.WebApplicationTests]: class path resource [springboot/WebApplicationTestsContext.groovy] does not exist
18:03:21.440 [Test worker] INFO org.springframework.test.context.support.AbstractContextLoader - Could not detect default resource locations for test class [springboot.WebApplicationTests]: no resource found for suffixes {-context.xml, Context.groovy}.
18:03:21.441 [Test worker] INFO org.springframework.test.context.support.AnnotationConfigContextLoaderUtils - Could not detect default configuration classes for test class [springboot.WebApplicationTests]: WebApplicationTests does not declare any static, non-private, non-final, nested classes annotated with @Configuration.
18:03:21.501 [Test worker] DEBUG org.springframework.test.context.support.ActiveProfilesUtils - Could not find an 'annotation declaring class' for annotation type [org.springframework.test.context.ActiveProfiles] and class [springboot.WebApplicationTests]
18:03:21.599 [Test worker] DEBUG org.springframework.context.annotation.ClassPathScanningCandidateComponentProvider - Identified candidate component class: file [D:\IDEA Projects\movieSystem\service\build\classes\java\main\springboot\WebApplication.class]
18:03:21.601 [Test worker] INFO org.springframework.boot.test.context.SpringBootTestContextBootstrapper - Found @SpringBootConfiguration springboot.WebApplication for test class springboot.WebApplicationTests
18:03:21.720 [Test worker] DEBUG org.springframework.boot.test.context.SpringBootTestContextBootstrapper - @TestExecutionListeners is not present for class [springboot.WebApplicationTests]: using defaults.
18:03:21.721 [Test worker] INFO org.springframework.boot.test.context.SpringBootTestContextBootstrapper - Loaded default TestExecutionListener class names from location [META-INF/spring.factories]: [org.springframework.boot.test.autoconfigure.restdocs.RestDocsTestExecutionListener, org.springframework.boot.test.autoconfigure.web.client.MockRestServiceServerResetTestExecutionListener, org.springframework.boot.test.autoconfigure.web.servlet.MockMvcPrintOnlyOnFailureTestExecutionListener, org.springframework.boot.test.autoconfigure.web.servlet.WebDriverTestExecutionListener, org.springframework.boot.test.mock.mockito.MockitoTestExecutionListener, org.springframework.boot.test.mock.mockito.ResetMocksTestExecutionListener, org.springframework.test.context.web.ServletTestExecutionListener, org.springframework.test.context.support.DirtiesContextBeforeModesTestExecutionListener, org.springframework.test.context.support.DependencyInjectionTestExecutionListener, org.springframework.test.context.support.DirtiesContextTestExecutionListener, org.springframework.test.context.transaction.TransactionalTestExecutionListener, org.springframework.test.context.jdbc.SqlScriptsTestExecutionListener, org.springframework.test.context.event.EventPublishingTestExecutionListener]
18:03:21.740 [Test worker] INFO org.springframework.boot.test.context.SpringBootTestContextBootstrapper - Using TestExecutionListeners: [org.springframework.test.context.web.ServletTestExecutionListener@31271c8, org.springframework.test.context.support.DirtiesContextBeforeModesTestExecutionListener@65ec1056, org.springframework.boot.test.mock.mockito.MockitoTestExecutionListener@73754a2, org.springframework.boot.test.autoconfigure.SpringBootDependencyInjectionTestExecutionListener@99ff310, org.springframework.test.context.support.DirtiesContextTestExecutionListener@19935fda, org.springframework.test.context.transaction.TransactionalTestExecutionListener@1c78821e, org.springframework.test.context.jdbc.SqlScriptsTestExecutionListener@21575777, org.springframework.test.context.event.EventPublishingTestExecutionListener@57a6373e, org.springframework.boot.test.autoconfigure.restdocs.RestDocsTestExecutionListener@54c8df9f, org.springframework.boot.test.autoconfigure.web.client.MockRestServiceServerResetTestExecutionListener@c78cf6a, org.springframework.boot.test.autoconfigure.web.servlet.MockMvcPrintOnlyOnFailureTestExecutionListener@178fdd7d, org.springframework.boot.test.autoconfigure.web.servlet.WebDriverTestExecutionListener@71f61775, org.springframework.boot.test.mock.mockito.ResetMocksTestExecutionListener@63d01af3]
18:03:21.746 [Test worker] DEBUG org.springframework.test.context.support.AbstractDirtiesContextTestExecutionListener - Before test class: context [DefaultTestContext@77ec20d1 testClass = WebApplicationTests, testInstance = [null], testMethod = [null], testException = [null], mergedContextConfiguration = [WebMergedContextConfiguration@3d8ca780 testClass = WebApplicationTests, locations = '{}', classes = '{class springboot.WebApplication}', contextInitializerClasses = '[]', activeProfiles = '{}', propertySourceLocations = '{}', propertySourceProperties = '{org.springframework.boot.test.context.SpringBootTestContextBootstrapper=true}', contextCustomizers = set[org.springframework.boot.test.autoconfigure.properties.PropertyMappingContextCustomizer@0, org.springframework.boot.test.autoconfigure.web.servlet.WebDriverContextCustomizerFactory$Customizer@6bf10704, org.springframework.boot.test.context.filter.ExcludeFilterContextCustomizer@29242963, org.springframework.boot.test.json.DuplicateJsonObjectContextCustomizerFactory$DuplicateJsonObjectContextCustomizer@1589a17f, org.springframework.boot.test.mock.mockito.MockitoContextCustomizer@0, org.springframework.boot.test.web.client.TestRestTemplateContextCustomizer@36a0b107], resourceBasePath = 'src/main/webapp', contextLoader = 'org.springframework.boot.test.context.SpringBootContextLoader', parent = [null]], attributes = map['org.springframework.test.context.web.ServletTestExecutionListener.activateListener' -> true]], class annotated with @DirtiesContext [false] with mode [null].
18:03:21.786 [Test worker] DEBUG org.springframework.test.context.support.TestPropertySourceUtils - Adding inlined properties to environment: {spring.jmx.enabled=false, org.springframework.boot.test.context.SpringBootTestContextBootstrapper=true, server.port=-1}

  .   ____          _            __ _ _
 /\\ / ___'_ __ _ _(_)_ __  __ _ \ \ \ \
( ( )\___ | '_ | '_| | '_ \/ _` | \ \ \ \
 \\/  ___)| |_)| | | | | || (_| |  ) ) ) )
  '  |____| .__|_| |_|_| |_\__, | / / / /
 =========|_|==============|___/=/_/_/_/
 :: Spring Boot ::        (v2.2.2.RELEASE)

2020-04-18 18:03:22.219  INFO 14380 --- [    Test worker] springboot.WebApplicationTests           : Starting WebApplicationTests on DESKTOP-K1C531V with PID 14380 (started by ljc in D:\IDEA Projects\movieSystem\service)
2020-04-18 18:03:22.221  INFO 14380 --- [    Test worker] springboot.WebApplicationTests           : No active profile set, falling back to default profiles: default
Logging initialized using 'class org.apache.ibatis.logging.stdout.StdOutImpl' adapter.
Registered plugin: 'AbstractSqlParserHandler(sqlParserList=null, sqlParserFilter=null)'
Parsed mapper file: 'file [D:\IDEA Projects\movieSystem\service\build\resources\main\mapping\actorDao.xml]'
Parsed mapper file: 'file [D:\IDEA Projects\movieSystem\service\build\resources\main\mapping\commentDao.xml]'
Parsed mapper file: 'file [D:\IDEA Projects\movieSystem\service\build\resources\main\mapping\customerDao.xml]'
Parsed mapper file: 'file [D:\IDEA Projects\movieSystem\service\build\resources\main\mapping\movieDao.xml]'
Parsed mapper file: 'file [D:\IDEA Projects\movieSystem\service\build\resources\main\mapping\sortDao.xml]'
Parsed mapper file: 'file [D:\IDEA Projects\movieSystem\service\build\resources\main\mapping\userDao.xml]'
 _ _   |_  _ _|_. ___ _ |    _ 
| | |\/|_)(_| | |_\  |_)||_|_\ 
     /               |         
                        3.2.0 
2020-04-18 18:03:26.349  INFO 14380 --- [    Test worker] o.s.s.concurrent.ThreadPoolTaskExecutor  : Initializing ExecutorService 'applicationTaskExecutor'
2020-04-18 18:03:26.573  INFO 14380 --- [    Test worker] o.s.b.a.w.s.WelcomePageHandlerMapping    : Adding welcome page: class path resource [static/index.html]
2020-04-18 18:03:27.012  INFO 14380 --- [    Test worker] springboot.WebApplicationTests           : Started WebApplicationTests in 5.208 seconds (JVM running for 6.958)
]]></system-out>
  <system-err><![CDATA[]]></system-err>
</testsuite>
