<?xml version="1.0" encoding="UTF-8"?>
<testsuite name="springboot.WebApplicationTests" tests="1" skipped="0" failures="0" errors="0" timestamp="2020-03-11T11:55:05" hostname="DESKTOP-K1C531V" time="0.921">
  <properties/>
  <testcase name="contextLoads()" classname="springboot.WebApplicationTests" time="0.921"/>
  <system-out><![CDATA[19:54:58.882 [Test worker] DEBUG org.springframework.test.context.BootstrapUtils - Instantiating CacheAwareContextLoaderDelegate from class [org.springframework.test.context.cache.DefaultCacheAwareContextLoaderDelegate]
19:54:58.918 [Test worker] DEBUG org.springframework.test.context.BootstrapUtils - Instantiating BootstrapContext using constructor [public org.springframework.test.context.support.DefaultBootstrapContext(java.lang.Class,org.springframework.test.context.CacheAwareContextLoaderDelegate)]
19:54:58.960 [Test worker] DEBUG org.springframework.test.context.BootstrapUtils - Instantiating TestContextBootstrapper for test class [springboot.WebApplicationTests] from class [org.springframework.boot.test.context.SpringBootTestContextBootstrapper]
19:54:58.991 [Test worker] INFO org.springframework.boot.test.context.SpringBootTestContextBootstrapper - Neither @ContextConfiguration nor @ContextHierarchy found for test class [springboot.WebApplicationTests], using SpringBootContextLoader
19:54:58.999 [Test worker] DEBUG org.springframework.test.context.support.AbstractContextLoader - Did not detect default resource location for test class [springboot.WebApplicationTests]: class path resource [springboot/WebApplicationTests-context.xml] does not exist
19:54:59.001 [Test worker] DEBUG org.springframework.test.context.support.AbstractContextLoader - Did not detect default resource location for test class [springboot.WebApplicationTests]: class path resource [springboot/WebApplicationTestsContext.groovy] does not exist
19:54:59.001 [Test worker] INFO org.springframework.test.context.support.AbstractContextLoader - Could not detect default resource locations for test class [springboot.WebApplicationTests]: no resource found for suffixes {-context.xml, Context.groovy}.
19:54:59.003 [Test worker] INFO org.springframework.test.context.support.AnnotationConfigContextLoaderUtils - Could not detect default configuration classes for test class [springboot.WebApplicationTests]: WebApplicationTests does not declare any static, non-private, non-final, nested classes annotated with @Configuration.
19:54:59.079 [Test worker] DEBUG org.springframework.test.context.support.ActiveProfilesUtils - Could not find an 'annotation declaring class' for annotation type [org.springframework.test.context.ActiveProfiles] and class [springboot.WebApplicationTests]
19:54:59.198 [Test worker] DEBUG org.springframework.context.annotation.ClassPathScanningCandidateComponentProvider - Identified candidate component class: file [D:\IDEA Projects\movieSystem\service\build\classes\java\main\springboot\WebApplication.class]
19:54:59.200 [Test worker] INFO org.springframework.boot.test.context.SpringBootTestContextBootstrapper - Found @SpringBootConfiguration springboot.WebApplication for test class springboot.WebApplicationTests
19:54:59.349 [Test worker] DEBUG org.springframework.boot.test.context.SpringBootTestContextBootstrapper - @TestExecutionListeners is not present for class [springboot.WebApplicationTests]: using defaults.
19:54:59.350 [Test worker] INFO org.springframework.boot.test.context.SpringBootTestContextBootstrapper - Loaded default TestExecutionListener class names from location [META-INF/spring.factories]: [org.springframework.boot.test.autoconfigure.restdocs.RestDocsTestExecutionListener, org.springframework.boot.test.autoconfigure.web.client.MockRestServiceServerResetTestExecutionListener, org.springframework.boot.test.autoconfigure.web.servlet.MockMvcPrintOnlyOnFailureTestExecutionListener, org.springframework.boot.test.autoconfigure.web.servlet.WebDriverTestExecutionListener, org.springframework.boot.test.mock.mockito.MockitoTestExecutionListener, org.springframework.boot.test.mock.mockito.ResetMocksTestExecutionListener, org.springframework.test.context.web.ServletTestExecutionListener, org.springframework.test.context.support.DirtiesContextBeforeModesTestExecutionListener, org.springframework.test.context.support.DependencyInjectionTestExecutionListener, org.springframework.test.context.support.DirtiesContextTestExecutionListener, org.springframework.test.context.transaction.TransactionalTestExecutionListener, org.springframework.test.context.jdbc.SqlScriptsTestExecutionListener, org.springframework.test.context.event.EventPublishingTestExecutionListener]
19:54:59.374 [Test worker] INFO org.springframework.boot.test.context.SpringBootTestContextBootstrapper - Using TestExecutionListeners: [org.springframework.test.context.web.ServletTestExecutionListener@18f5eb36, org.springframework.test.context.support.DirtiesContextBeforeModesTestExecutionListener@4f40e765, org.springframework.boot.test.mock.mockito.MockitoTestExecutionListener@6a2682e6, org.springframework.boot.test.autoconfigure.SpringBootDependencyInjectionTestExecutionListener@521ff95f, org.springframework.test.context.support.DirtiesContextTestExecutionListener@65840471, org.springframework.test.context.transaction.TransactionalTestExecutionListener@2d37bc6b, org.springframework.test.context.jdbc.SqlScriptsTestExecutionListener@73d82a99, org.springframework.test.context.event.EventPublishingTestExecutionListener@5ea0f0bc, org.springframework.boot.test.autoconfigure.restdocs.RestDocsTestExecutionListener@1b42c095, org.springframework.boot.test.autoconfigure.web.client.MockRestServiceServerResetTestExecutionListener@b86e372, org.springframework.boot.test.autoconfigure.web.servlet.MockMvcPrintOnlyOnFailureTestExecutionListener@39b89c79, org.springframework.boot.test.autoconfigure.web.servlet.WebDriverTestExecutionListener@6044aee2, org.springframework.boot.test.mock.mockito.ResetMocksTestExecutionListener@6d8f9c17]
19:54:59.382 [Test worker] DEBUG org.springframework.test.context.support.AbstractDirtiesContextTestExecutionListener - Before test class: context [DefaultTestContext@374de74f testClass = WebApplicationTests, testInstance = [null], testMethod = [null], testException = [null], mergedContextConfiguration = [WebMergedContextConfiguration@36f7ce29 testClass = WebApplicationTests, locations = '{}', classes = '{class springboot.WebApplication}', contextInitializerClasses = '[]', activeProfiles = '{}', propertySourceLocations = '{}', propertySourceProperties = '{org.springframework.boot.test.context.SpringBootTestContextBootstrapper=true}', contextCustomizers = set[org.springframework.boot.test.autoconfigure.properties.PropertyMappingContextCustomizer@0, org.springframework.boot.test.autoconfigure.web.servlet.WebDriverContextCustomizerFactory$Customizer@615bff73, org.springframework.boot.test.context.filter.ExcludeFilterContextCustomizer@6bbe5cbc, org.springframework.boot.test.json.DuplicateJsonObjectContextCustomizerFactory$DuplicateJsonObjectContextCustomizer@36226ea2, org.springframework.boot.test.mock.mockito.MockitoContextCustomizer@0, org.springframework.boot.test.web.client.TestRestTemplateContextCustomizer@7eff5b4b], resourceBasePath = 'src/main/webapp', contextLoader = 'org.springframework.boot.test.context.SpringBootContextLoader', parent = [null]], attributes = map['org.springframework.test.context.web.ServletTestExecutionListener.activateListener' -> true]], class annotated with @DirtiesContext [false] with mode [null].
19:54:59.432 [Test worker] DEBUG org.springframework.test.context.support.TestPropertySourceUtils - Adding inlined properties to environment: {spring.jmx.enabled=false, org.springframework.boot.test.context.SpringBootTestContextBootstrapper=true, server.port=-1}

  .   ____          _            __ _ _
 /\\ / ___'_ __ _ _(_)_ __  __ _ \ \ \ \
( ( )\___ | '_ | '_| | '_ \/ _` | \ \ \ \
 \\/  ___)| |_)| | | | | || (_| |  ) ) ) )
  '  |____| .__|_| |_|_| |_\__, | / / / /
 =========|_|==============|___/=/_/_/_/
 :: Spring Boot ::        (v2.2.2.RELEASE)

2020-03-11 19:54:59.915  INFO 8700 --- [    Test worker] springboot.WebApplicationTests           : Starting WebApplicationTests on DESKTOP-K1C531V with PID 8700 (started by ljc in D:\IDEA Projects\movieSystem\service)
2020-03-11 19:54:59.918  INFO 8700 --- [    Test worker] springboot.WebApplicationTests           : No active profile set, falling back to default profiles: default
Logging initialized using 'class org.apache.ibatis.logging.stdout.StdOutImpl' adapter.
Registered plugin: 'AbstractSqlParserHandler(sqlParserList=null, sqlParserFilter=null)'
Parsed mapper file: 'file [D:\IDEA Projects\movieSystem\service\build\resources\main\mapping\actorDao.xml]'
Parsed mapper file: 'file [D:\IDEA Projects\movieSystem\service\build\resources\main\mapping\commentDao.xml]'
Parsed mapper file: 'file [D:\IDEA Projects\movieSystem\service\build\resources\main\mapping\customerDao.xml]'
Parsed mapper file: 'file [D:\IDEA Projects\movieSystem\service\build\resources\main\mapping\movieDao.xml]'
Parsed mapper file: 'file [D:\IDEA Projects\movieSystem\service\build\resources\main\mapping\sortDao.xml]'
Parsed mapper file: 'file [D:\IDEA Projects\movieSystem\service\build\resources\main\mapping\userDao.xml]'
 _ _   |_  _ _|_. ___ _ |    _ 
| | |\/|_)(_| | |_\  |_)||_|_\ 
     /               |         
                        3.2.0 
2020-03-11 19:55:04.140  INFO 8700 --- [    Test worker] o.s.s.concurrent.ThreadPoolTaskExecutor  : Initializing ExecutorService 'applicationTaskExecutor'
2020-03-11 19:55:04.399  INFO 8700 --- [    Test worker] o.s.b.a.w.s.WelcomePageHandlerMapping    : Adding welcome page: class path resource [static/index.html]
2020-03-11 19:55:05.070  INFO 8700 --- [    Test worker] springboot.WebApplicationTests           : Started WebApplicationTests in 5.617 seconds (JVM running for 7.915)
]]></system-out>
  <system-err><![CDATA[]]></system-err>
</testsuite>
