<?xml version="1.0" encoding="UTF-8"?>
<testsuite name="springboot.WebApplicationTests" tests="1" skipped="0" failures="0" errors="0" timestamp="2020-04-21T11:53:09" hostname="DESKTOP-K1C531V" time="1.827">
  <properties/>
  <testcase name="contextLoads()" classname="springboot.WebApplicationTests" time="1.827"/>
  <system-out><![CDATA[19:53:02.361 [Test worker] DEBUG org.springframework.test.context.BootstrapUtils - Instantiating CacheAwareContextLoaderDelegate from class [org.springframework.test.context.cache.DefaultCacheAwareContextLoaderDelegate]
19:53:02.395 [Test worker] DEBUG org.springframework.test.context.BootstrapUtils - Instantiating BootstrapContext using constructor [public org.springframework.test.context.support.DefaultBootstrapContext(java.lang.Class,org.springframework.test.context.CacheAwareContextLoaderDelegate)]
19:53:02.441 [Test worker] DEBUG org.springframework.test.context.BootstrapUtils - Instantiating TestContextBootstrapper for test class [springboot.WebApplicationTests] from class [org.springframework.boot.test.context.SpringBootTestContextBootstrapper]
19:53:02.473 [Test worker] INFO org.springframework.boot.test.context.SpringBootTestContextBootstrapper - Neither @ContextConfiguration nor @ContextHierarchy found for test class [springboot.WebApplicationTests], using SpringBootContextLoader
19:53:02.482 [Test worker] DEBUG org.springframework.test.context.support.AbstractContextLoader - Did not detect default resource location for test class [springboot.WebApplicationTests]: class path resource [springboot/WebApplicationTests-context.xml] does not exist
19:53:02.489 [Test worker] DEBUG org.springframework.test.context.support.AbstractContextLoader - Did not detect default resource location for test class [springboot.WebApplicationTests]: class path resource [springboot/WebApplicationTestsContext.groovy] does not exist
19:53:02.493 [Test worker] INFO org.springframework.test.context.support.AbstractContextLoader - Could not detect default resource locations for test class [springboot.WebApplicationTests]: no resource found for suffixes {-context.xml, Context.groovy}.
19:53:02.495 [Test worker] INFO org.springframework.test.context.support.AnnotationConfigContextLoaderUtils - Could not detect default configuration classes for test class [springboot.WebApplicationTests]: WebApplicationTests does not declare any static, non-private, non-final, nested classes annotated with @Configuration.
19:53:02.561 [Test worker] DEBUG org.springframework.test.context.support.ActiveProfilesUtils - Could not find an 'annotation declaring class' for annotation type [org.springframework.test.context.ActiveProfiles] and class [springboot.WebApplicationTests]
19:53:02.704 [Test worker] DEBUG org.springframework.context.annotation.ClassPathScanningCandidateComponentProvider - Identified candidate component class: file [D:\IDEA Projects\movieSystem\service\build\classes\java\main\springboot\WebApplication.class]
19:53:02.706 [Test worker] INFO org.springframework.boot.test.context.SpringBootTestContextBootstrapper - Found @SpringBootConfiguration springboot.WebApplication for test class springboot.WebApplicationTests
19:53:02.892 [Test worker] DEBUG org.springframework.boot.test.context.SpringBootTestContextBootstrapper - @TestExecutionListeners is not present for class [springboot.WebApplicationTests]: using defaults.
19:53:02.893 [Test worker] INFO org.springframework.boot.test.context.SpringBootTestContextBootstrapper - Loaded default TestExecutionListener class names from location [META-INF/spring.factories]: [org.springframework.boot.test.autoconfigure.restdocs.RestDocsTestExecutionListener, org.springframework.boot.test.autoconfigure.web.client.MockRestServiceServerResetTestExecutionListener, org.springframework.boot.test.autoconfigure.web.servlet.MockMvcPrintOnlyOnFailureTestExecutionListener, org.springframework.boot.test.autoconfigure.web.servlet.WebDriverTestExecutionListener, org.springframework.boot.test.mock.mockito.MockitoTestExecutionListener, org.springframework.boot.test.mock.mockito.ResetMocksTestExecutionListener, org.springframework.test.context.web.ServletTestExecutionListener, org.springframework.test.context.support.DirtiesContextBeforeModesTestExecutionListener, org.springframework.test.context.support.DependencyInjectionTestExecutionListener, org.springframework.test.context.support.DirtiesContextTestExecutionListener, org.springframework.test.context.transaction.TransactionalTestExecutionListener, org.springframework.test.context.jdbc.SqlScriptsTestExecutionListener, org.springframework.test.context.event.EventPublishingTestExecutionListener]
19:53:02.922 [Test worker] INFO org.springframework.boot.test.context.SpringBootTestContextBootstrapper - Using TestExecutionListeners: [org.springframework.test.context.web.ServletTestExecutionListener@20e9d5a7, org.springframework.test.context.support.DirtiesContextBeforeModesTestExecutionListener@5f80a363, org.springframework.boot.test.mock.mockito.MockitoTestExecutionListener@4ba89004, org.springframework.boot.test.autoconfigure.SpringBootDependencyInjectionTestExecutionListener@2ddedb7e, org.springframework.test.context.support.DirtiesContextTestExecutionListener@43f4778f, org.springframework.test.context.transaction.TransactionalTestExecutionListener@19355f29, org.springframework.test.context.jdbc.SqlScriptsTestExecutionListener@1692c4bb, org.springframework.test.context.event.EventPublishingTestExecutionListener@4d4cf83c, org.springframework.boot.test.autoconfigure.restdocs.RestDocsTestExecutionListener@2de4b615, org.springframework.boot.test.autoconfigure.web.client.MockRestServiceServerResetTestExecutionListener@1e9b7897, org.springframework.boot.test.autoconfigure.web.servlet.MockMvcPrintOnlyOnFailureTestExecutionListener@1e2cd0e3, org.springframework.boot.test.autoconfigure.web.servlet.WebDriverTestExecutionListener@348b4602, org.springframework.boot.test.mock.mockito.ResetMocksTestExecutionListener@3c570a98]
19:53:02.928 [Test worker] DEBUG org.springframework.test.context.support.AbstractDirtiesContextTestExecutionListener - Before test class: context [DefaultTestContext@4dc0a008 testClass = WebApplicationTests, testInstance = [null], testMethod = [null], testException = [null], mergedContextConfiguration = [WebMergedContextConfiguration@35b24286 testClass = WebApplicationTests, locations = '{}', classes = '{class springboot.WebApplication}', contextInitializerClasses = '[]', activeProfiles = '{}', propertySourceLocations = '{}', propertySourceProperties = '{org.springframework.boot.test.context.SpringBootTestContextBootstrapper=true}', contextCustomizers = set[org.springframework.boot.test.autoconfigure.properties.PropertyMappingContextCustomizer@0, org.springframework.boot.test.autoconfigure.web.servlet.WebDriverContextCustomizerFactory$Customizer@6b9a62d, org.springframework.boot.test.context.filter.ExcludeFilterContextCustomizer@320cb01b, org.springframework.boot.test.json.DuplicateJsonObjectContextCustomizerFactory$DuplicateJsonObjectContextCustomizer@26729ac7, org.springframework.boot.test.mock.mockito.MockitoContextCustomizer@0, org.springframework.boot.test.web.client.TestRestTemplateContextCustomizer@d963475], resourceBasePath = 'src/main/webapp', contextLoader = 'org.springframework.boot.test.context.SpringBootContextLoader', parent = [null]], attributes = map['org.springframework.test.context.web.ServletTestExecutionListener.activateListener' -> true]], class annotated with @DirtiesContext [false] with mode [null].
19:53:02.985 [Test worker] DEBUG org.springframework.test.context.support.TestPropertySourceUtils - Adding inlined properties to environment: {spring.jmx.enabled=false, org.springframework.boot.test.context.SpringBootTestContextBootstrapper=true, server.port=-1}

  .   ____          _            __ _ _
 /\\ / ___'_ __ _ _(_)_ __  __ _ \ \ \ \
( ( )\___ | '_ | '_| | '_ \/ _` | \ \ \ \
 \\/  ___)| |_)| | | | | || (_| |  ) ) ) )
  '  |____| .__|_| |_|_| |_\__, | / / / /
 =========|_|==============|___/=/_/_/_/
 :: Spring Boot ::        (v2.2.2.RELEASE)

2020-04-21 19:53:03.455  INFO 8016 --- [    Test worker] springboot.WebApplicationTests           : Starting WebApplicationTests on DESKTOP-K1C531V with PID 8016 (started by ljc in D:\IDEA Projects\movieSystem\service)
2020-04-21 19:53:03.457  INFO 8016 --- [    Test worker] springboot.WebApplicationTests           : No active profile set, falling back to default profiles: default
Logging initialized using 'class org.apache.ibatis.logging.stdout.StdOutImpl' adapter.
Registered plugin: 'AbstractSqlParserHandler(sqlParserList=null, sqlParserFilter=null)'
Parsed mapper file: 'file [D:\IDEA Projects\movieSystem\service\build\resources\main\mapping\actorDao.xml]'
Parsed mapper file: 'file [D:\IDEA Projects\movieSystem\service\build\resources\main\mapping\commentDao.xml]'
Parsed mapper file: 'file [D:\IDEA Projects\movieSystem\service\build\resources\main\mapping\customerDao.xml]'
Parsed mapper file: 'file [D:\IDEA Projects\movieSystem\service\build\resources\main\mapping\movieDao.xml]'
Parsed mapper file: 'file [D:\IDEA Projects\movieSystem\service\build\resources\main\mapping\sortDao.xml]'
Parsed mapper file: 'file [D:\IDEA Projects\movieSystem\service\build\resources\main\mapping\userDao.xml]'
 _ _   |_  _ _|_. ___ _ |    _ 
| | |\/|_)(_| | |_\  |_)||_|_\ 
     /               |         
                        3.2.0 
2020-04-21 19:53:07.538  INFO 8016 --- [    Test worker] o.s.s.concurrent.ThreadPoolTaskExecutor  : Initializing ExecutorService 'applicationTaskExecutor'
2020-04-21 19:53:08.047  INFO 8016 --- [    Test worker] o.s.b.a.w.s.WelcomePageHandlerMapping    : Adding welcome page: class path resource [static/index.html]
2020-04-21 19:53:09.621  INFO 8016 --- [    Test worker] springboot.WebApplicationTests           : Started WebApplicationTests in 6.617 seconds (JVM running for 9.442)
]]></system-out>
  <system-err><![CDATA[]]></system-err>
</testsuite>
