<?xml version="1.0" encoding="UTF-8"?>
<testsuite name="springboot.WebApplicationTests" tests="1" skipped="0" failures="0" errors="0" timestamp="2020-04-04T11:42:26" hostname="DESKTOP-K1C531V" time="0.668">
  <properties/>
  <testcase name="contextLoads()" classname="springboot.WebApplicationTests" time="0.668"/>
  <system-out><![CDATA[19:42:22.024 [Test worker] DEBUG org.springframework.test.context.BootstrapUtils - Instantiating CacheAwareContextLoaderDelegate from class [org.springframework.test.context.cache.DefaultCacheAwareContextLoaderDelegate]
19:42:22.047 [Test worker] DEBUG org.springframework.test.context.BootstrapUtils - Instantiating BootstrapContext using constructor [public org.springframework.test.context.support.DefaultBootstrapContext(java.lang.Class,org.springframework.test.context.CacheAwareContextLoaderDelegate)]
19:42:22.084 [Test worker] DEBUG org.springframework.test.context.BootstrapUtils - Instantiating TestContextBootstrapper for test class [springboot.WebApplicationTests] from class [org.springframework.boot.test.context.SpringBootTestContextBootstrapper]
19:42:22.107 [Test worker] INFO org.springframework.boot.test.context.SpringBootTestContextBootstrapper - Neither @ContextConfiguration nor @ContextHierarchy found for test class [springboot.WebApplicationTests], using SpringBootContextLoader
19:42:22.112 [Test worker] DEBUG org.springframework.test.context.support.AbstractContextLoader - Did not detect default resource location for test class [springboot.WebApplicationTests]: class path resource [springboot/WebApplicationTests-context.xml] does not exist
19:42:22.113 [Test worker] DEBUG org.springframework.test.context.support.AbstractContextLoader - Did not detect default resource location for test class [springboot.WebApplicationTests]: class path resource [springboot/WebApplicationTestsContext.groovy] does not exist
19:42:22.114 [Test worker] INFO org.springframework.test.context.support.AbstractContextLoader - Could not detect default resource locations for test class [springboot.WebApplicationTests]: no resource found for suffixes {-context.xml, Context.groovy}.
19:42:22.115 [Test worker] INFO org.springframework.test.context.support.AnnotationConfigContextLoaderUtils - Could not detect default configuration classes for test class [springboot.WebApplicationTests]: WebApplicationTests does not declare any static, non-private, non-final, nested classes annotated with @Configuration.
19:42:22.176 [Test worker] DEBUG org.springframework.test.context.support.ActiveProfilesUtils - Could not find an 'annotation declaring class' for annotation type [org.springframework.test.context.ActiveProfiles] and class [springboot.WebApplicationTests]
19:42:22.285 [Test worker] DEBUG org.springframework.context.annotation.ClassPathScanningCandidateComponentProvider - Identified candidate component class: file [D:\IDEA Projects\movieSystem\service\build\classes\java\main\springboot\WebApplication.class]
19:42:22.286 [Test worker] INFO org.springframework.boot.test.context.SpringBootTestContextBootstrapper - Found @SpringBootConfiguration springboot.WebApplication for test class springboot.WebApplicationTests
19:42:22.420 [Test worker] DEBUG org.springframework.boot.test.context.SpringBootTestContextBootstrapper - @TestExecutionListeners is not present for class [springboot.WebApplicationTests]: using defaults.
19:42:22.421 [Test worker] INFO org.springframework.boot.test.context.SpringBootTestContextBootstrapper - Loaded default TestExecutionListener class names from location [META-INF/spring.factories]: [org.springframework.boot.test.autoconfigure.restdocs.RestDocsTestExecutionListener, org.springframework.boot.test.autoconfigure.web.client.MockRestServiceServerResetTestExecutionListener, org.springframework.boot.test.autoconfigure.web.servlet.MockMvcPrintOnlyOnFailureTestExecutionListener, org.springframework.boot.test.autoconfigure.web.servlet.WebDriverTestExecutionListener, org.springframework.boot.test.mock.mockito.MockitoTestExecutionListener, org.springframework.boot.test.mock.mockito.ResetMocksTestExecutionListener, org.springframework.test.context.web.ServletTestExecutionListener, org.springframework.test.context.support.DirtiesContextBeforeModesTestExecutionListener, org.springframework.test.context.support.DependencyInjectionTestExecutionListener, org.springframework.test.context.support.DirtiesContextTestExecutionListener, org.springframework.test.context.transaction.TransactionalTestExecutionListener, org.springframework.test.context.jdbc.SqlScriptsTestExecutionListener, org.springframework.test.context.event.EventPublishingTestExecutionListener]
19:42:22.445 [Test worker] INFO org.springframework.boot.test.context.SpringBootTestContextBootstrapper - Using TestExecutionListeners: [org.springframework.test.context.web.ServletTestExecutionListener@1578f98b, org.springframework.test.context.support.DirtiesContextBeforeModesTestExecutionListener@e78f773, org.springframework.boot.test.mock.mockito.MockitoTestExecutionListener@2644c932, org.springframework.boot.test.autoconfigure.SpringBootDependencyInjectionTestExecutionListener@4826d55f, org.springframework.test.context.support.DirtiesContextTestExecutionListener@1ac0d971, org.springframework.test.context.transaction.TransactionalTestExecutionListener@53ca6635, org.springframework.test.context.jdbc.SqlScriptsTestExecutionListener@53473827, org.springframework.test.context.event.EventPublishingTestExecutionListener@2d35833d, org.springframework.boot.test.autoconfigure.restdocs.RestDocsTestExecutionListener@31a2dcbb, org.springframework.boot.test.autoconfigure.web.client.MockRestServiceServerResetTestExecutionListener@3159ff74, org.springframework.boot.test.autoconfigure.web.servlet.MockMvcPrintOnlyOnFailureTestExecutionListener@5b356f78, org.springframework.boot.test.autoconfigure.web.servlet.WebDriverTestExecutionListener@5a982348, org.springframework.boot.test.mock.mockito.ResetMocksTestExecutionListener@7d787ba4]
19:42:22.452 [Test worker] DEBUG org.springframework.test.context.support.AbstractDirtiesContextTestExecutionListener - Before test class: context [DefaultTestContext@21591587 testClass = WebApplicationTests, testInstance = [null], testMethod = [null], testException = [null], mergedContextConfiguration = [WebMergedContextConfiguration@4e533e34 testClass = WebApplicationTests, locations = '{}', classes = '{class springboot.WebApplication}', contextInitializerClasses = '[]', activeProfiles = '{}', propertySourceLocations = '{}', propertySourceProperties = '{org.springframework.boot.test.context.SpringBootTestContextBootstrapper=true}', contextCustomizers = set[org.springframework.boot.test.autoconfigure.properties.PropertyMappingContextCustomizer@0, org.springframework.boot.test.autoconfigure.web.servlet.WebDriverContextCustomizerFactory$Customizer@6e7d134a, org.springframework.boot.test.context.filter.ExcludeFilterContextCustomizer@4a8a278f, org.springframework.boot.test.json.DuplicateJsonObjectContextCustomizerFactory$DuplicateJsonObjectContextCustomizer@23cd355, org.springframework.boot.test.mock.mockito.MockitoContextCustomizer@0, org.springframework.boot.test.web.client.TestRestTemplateContextCustomizer@25b015b2], resourceBasePath = 'src/main/webapp', contextLoader = 'org.springframework.boot.test.context.SpringBootContextLoader', parent = [null]], attributes = map['org.springframework.test.context.web.ServletTestExecutionListener.activateListener' -> true]], class annotated with @DirtiesContext [false] with mode [null].
19:42:22.498 [Test worker] DEBUG org.springframework.test.context.support.TestPropertySourceUtils - Adding inlined properties to environment: {spring.jmx.enabled=false, org.springframework.boot.test.context.SpringBootTestContextBootstrapper=true, server.port=-1}

  .   ____          _            __ _ _
 /\\ / ___'_ __ _ _(_)_ __  __ _ \ \ \ \
( ( )\___ | '_ | '_| | '_ \/ _` | \ \ \ \
 \\/  ___)| |_)| | | | | || (_| |  ) ) ) )
  '  |____| .__|_| |_|_| |_\__, | / / / /
 =========|_|==============|___/=/_/_/_/
 :: Spring Boot ::        (v2.2.2.RELEASE)

2020-04-04 19:42:22.903  INFO 17640 --- [    Test worker] springboot.WebApplicationTests           : Starting WebApplicationTests on DESKTOP-K1C531V with PID 17640 (started by ljc in D:\IDEA Projects\movieSystem\service)
2020-04-04 19:42:22.905  INFO 17640 --- [    Test worker] springboot.WebApplicationTests           : No active profile set, falling back to default profiles: default
Logging initialized using 'class org.apache.ibatis.logging.stdout.StdOutImpl' adapter.
Registered plugin: 'AbstractSqlParserHandler(sqlParserList=null, sqlParserFilter=null)'
Parsed mapper file: 'file [D:\IDEA Projects\movieSystem\service\build\resources\main\mapping\actorDao.xml]'
Parsed mapper file: 'file [D:\IDEA Projects\movieSystem\service\build\resources\main\mapping\commentDao.xml]'
Parsed mapper file: 'file [D:\IDEA Projects\movieSystem\service\build\resources\main\mapping\customerDao.xml]'
Parsed mapper file: 'file [D:\IDEA Projects\movieSystem\service\build\resources\main\mapping\movieDao.xml]'
Parsed mapper file: 'file [D:\IDEA Projects\movieSystem\service\build\resources\main\mapping\sortDao.xml]'
Parsed mapper file: 'file [D:\IDEA Projects\movieSystem\service\build\resources\main\mapping\userDao.xml]'
 _ _   |_  _ _|_. ___ _ |    _ 
| | |\/|_)(_| | |_\  |_)||_|_\ 
     /               |         
                        3.2.0 
2020-04-04 19:42:25.895  INFO 17640 --- [    Test worker] o.s.s.concurrent.ThreadPoolTaskExecutor  : Initializing ExecutorService 'applicationTaskExecutor'
2020-04-04 19:42:26.087  INFO 17640 --- [    Test worker] o.s.b.a.w.s.WelcomePageHandlerMapping    : Adding welcome page: class path resource [static/index.html]
2020-04-04 19:42:26.494  INFO 17640 --- [    Test worker] springboot.WebApplicationTests           : Started WebApplicationTests in 3.978 seconds (JVM running for 5.901)
]]></system-out>
  <system-err><![CDATA[]]></system-err>
</testsuite>
